
> users-xera-git-hub-x-english@0.0.0 build /Users/xera/GitHub/x-english
> docusaurus build

[WARNING] The `siteConfig.onBrokenMarkdownLinks` config option is deprecated and will be removed in Docusaurus v4.
Please migrate and move this option to `siteConfig.markdown.hooks.onBrokenMarkdownLinks` instead.
[INFO] [zh-Hans] Creating an optimized production build...
[WARNING] The `siteConfig.onBrokenMarkdownLinks` config option is deprecated and will be removed in Docusaurus v4.
Please migrate and move this option to `siteConfig.markdown.hooks.onBrokenMarkdownLinks` instead.
[WARNING] Some blog authors used in "2026-04-14-welcome.mdx" are not defined in "authors.yml":
- {"name":"X-English Team","title":"开发团队","socials":{},"key":null,"page":null}

Note that we recommend to declare authors once in a "authors.yml" file and reference them by key in blog posts front matter to avoid author info duplication.
But if you want to allow inline blog authors, you can disable this message by setting onInlineAuthors: 'ignore' in your blog plugin options.
More info at https://docusaurus.io/docs/blog


[ERROR] Error: Unable to build website for locale zh-Hans.
    at tryToBuildLocale (/Users/xera/GitHub/x-english/node_modules/.pnpm/@docusaurus+core@3.10.0_@docusaurus+faster@3.10.0_@docusaurus+types@3.10.0_@swc+core@1._6616125c7640e6d4a76f572422ae6978/node_modules/@docusaurus/core/lib/commands/build/build.js:76:15)
    at async /Users/xera/GitHub/x-english/node_modules/.pnpm/@docusaurus+core@3.10.0_@docusaurus+faster@3.10.0_@docusaurus+types@3.10.0_@swc+core@1._6616125c7640e6d4a76f572422ae6978/node_modules/@docusaurus/core/lib/commands/build/build.js:34:9
    at async mapAsyncSequential (/Users/xera/GitHub/x-english/node_modules/.pnpm/@docusaurus+utils@3.10.0_@swc+core@1.15.24_react-dom@19.2.5_react@19.2.5__react@19.2.5/node_modules/@docusaurus/utils/lib/jsUtils.js:21:24)
    at async Command.build (/Users/xera/GitHub/x-english/node_modules/.pnpm/@docusaurus+core@3.10.0_@docusaurus+faster@3.10.0_@docusaurus+types@3.10.0_@swc+core@1._6616125c7640e6d4a76f572422ae6978/node_modules/@docusaurus/core/lib/commands/build/build.js:33:5)
    at async Promise.all (index 0)
    at async runCLI (/Users/xera/GitHub/x-english/node_modules/.pnpm/@docusaurus+core@3.10.0_@docusaurus+faster@3.10.0_@docusaurus+types@3.10.0_@swc+core@1._6616125c7640e6d4a76f572422ae6978/node_modules/@docusaurus/core/lib/commands/cli.js:56:5)
    at async file:///Users/xera/GitHub/x-english/node_modules/.pnpm/@docusaurus+core@3.10.0_@docusaurus+faster@3.10.0_@docusaurus+types@3.10.0_@swc+core@1._6616125c7640e6d4a76f572422ae6978/node_modules/@docusaurus/core/bin/docusaurus.mjs:44:3 {
  [cause]: Error: Docusaurus found broken links!
  
  Please check the pages of your site in the list below, and make sure you don't reference any path that does not exist.
  Note: it's possible to ignore broken links with the 'onBrokenLinks' Docusaurus configuration, and let the build pass.
  
  Exhaustive list of all broken links found:
  - Broken link on source page path = /docs/grammar/tenses/simple-present:
     -> linking to ./present-continuous (resolved as: /docs/grammar/tenses/present-continuous)
  
      at throwError (/Users/xera/GitHub/x-english/node_modules/.pnpm/@docusaurus+logger@3.10.0/node_modules/@docusaurus/logger/lib/logger.js:80:11)
      at reportBrokenLinks (/Users/xera/GitHub/x-english/node_modules/.pnpm/@docusaurus+core@3.10.0_@docusaurus+faster@3.10.0_@docusaurus+types@3.10.0_@swc+core@1._6616125c7640e6d4a76f572422ae6978/node_modules/@docusaurus/core/lib/server/brokenLinks.js:250:47)
      at handleBrokenLinks (/Users/xera/GitHub/x-english/node_modules/.pnpm/@docusaurus+core@3.10.0_@docusaurus+faster@3.10.0_@docusaurus+types@3.10.0_@swc+core@1._6616125c7640e6d4a76f572422ae6978/node_modules/@docusaurus/core/lib/server/brokenLinks.js:282:5)
      at executeBrokenLinksCheck (/Users/xera/GitHub/x-english/node_modules/.pnpm/@docusaurus+core@3.10.0_@docusaurus+faster@3.10.0_@docusaurus+types@3.10.0_@swc+core@1._6616125c7640e6d4a76f572422ae6978/node_modules/@docusaurus/core/lib/commands/build/buildLocale.js:123:47)
      at /Users/xera/GitHub/x-english/node_modules/.pnpm/@docusaurus+core@3.10.0_@docusaurus+faster@3.10.0_@docusaurus+types@3.10.0_@swc+core@1._6616125c7640e6d4a76f572422ae6978/node_modules/@docusaurus/core/lib/commands/build/buildLocale.js:98:67
      at Object.async (/Users/xera/GitHub/x-english/node_modules/.pnpm/@docusaurus+logger@3.10.0/node_modules/@docusaurus/logger/lib/perfLogger.js:42:47)
      at buildLocale (/Users/xera/GitHub/x-english/node_modules/.pnpm/@docusaurus+core@3.10.0_@docusaurus+faster@3.10.0_@docusaurus+types@3.10.0_@swc+core@1._6616125c7640e6d4a76f572422ae6978/node_modules/@docusaurus/core/lib/commands/build/buildLocale.js:98:31)
      at async runBuildLocaleTask (/Users/xera/GitHub/x-english/node_modules/.pnpm/@docusaurus+core@3.10.0_@docusaurus+faster@3.10.0_@docusaurus+types@3.10.0_@swc+core@1._6616125c7640e6d4a76f572422ae6978/node_modules/@docusaurus/core/lib/commands/build/build.js:91:5)
      at async /Users/xera/GitHub/x-english/node_modules/.pnpm/@docusaurus+core@3.10.0_@docusaurus+faster@3.10.0_@docusaurus+types@3.10.0_@swc+core@1._6616125c7640e6d4a76f572422ae6978/node_modules/@docusaurus/core/lib/commands/build/build.js:72:13
      at async tryToBuildLocale (/Users/xera/GitHub/x-english/node_modules/.pnpm/@docusaurus+core@3.10.0_@docusaurus+faster@3.10.0_@docusaurus+types@3.10.0_@swc+core@1._6616125c7640e6d4a76f572422ae6978/node_modules/@docusaurus/core/lib/commands/build/build.js:68:9)
}
[INFO] Docusaurus version: 3.10.0
Node version: v22.14.0
 ELIFECYCLE  Command failed with exit code 1.
