
> users-xera-git-hub-x-english@0.0.0 build /Users/xera/GitHub/x-english
> docusaurus build

[WARNING] The `siteConfig.onBrokenMarkdownLinks` config option is deprecated and will be removed in Docusaurus v4.
Please migrate and move this option to `siteConfig.markdown.hooks.onBrokenMarkdownLinks` instead.
[INFO] [zh-Hans] Creating an optimized production build...
[WARNING] The `siteConfig.onBrokenMarkdownLinks` config option is deprecated and will be removed in Docusaurus v4.
Please migrate and move this option to `siteConfig.markdown.hooks.onBrokenMarkdownLinks` instead.
[WARNING] Some blog authors used in "2026-04-14-welcome.mdx" are not defined in "authors.yml":
- {"name":"X-English Team","title":"开发团队","socials":{},"key":null,"page":null}

Note that we recommend to declare authors once in a "authors.yml" file and reference them by key in blog posts front matter to avoid author info duplication.
But if you want to allow inline blog authors, you can disable this message by setting onInlineAuthors: 'ignore' in your blog plugin options.
More info at https://docusaurus.io/docs/blog

[WARNING] Docusaurus found broken anchors!

Please check the pages of your site in the list below, and make sure you don't reference any anchor that does not exist.
Note: it's possible to ignore broken anchors with the 'onBrokenAnchors' Docusaurus configuration, and let the build pass.

Exhaustive list of all broken anchors found:
- Broken anchor on source page path = /:
   -> linking to #modules (resolved as: /#modules)

[SUCCESS] Generated static files in "build".
[INFO] Use `npm run serve` command to test your build locally.
